1525446346945	geckodriver	INFO	geckodriver 0.20.1
1525446346961	geckodriver	INFO	Listening on 127.0.0.1:49836
1525446350014	mozrunner::runner	INFO	Running command: "C:\\Program Files\\Mozilla Firefox\\firefox.exe" "-marionette" "-profile" "C:\\Users\\Antonio\\AppData\\Local\\Temp\\rust_mozprofile.LSg78LMPKN4q"
Unable to read VR Path Registry from C:\Users\Antonio\AppData\Local\openvr\openvrpaths.vrpath
1525446350438	Marionette	INFO	Enabled via --marionette
Unable to read VR Path Registry from C:\Users\Antonio\AppData\Local\openvr\openvrpaths.vrpath
Unable to read VR Path Registry from C:\Users\Antonio\AppData\Local\openvr\openvrpaths.vrpath
Unable to read VR Path Registry from C:\Users\Antonio\AppData\Local\openvr\openvrpaths.vrpath
Unable to read VR Path Registry from C:\Users\Antonio\AppData\Local\openvr\openvrpaths.vrpath
1525446351336	Marionette	INFO	Listening on port 49845
1525446351570	Marionette	WARN	TLS certificate errors will be ignored for this session
[[ChChild 10468, Chrome_ChildThread] WARNING: pipe error: 109ild 1: file z:/build/b820,uild Chro/src/ime_Cpchild/chrThread] WARNING: pomium/src/chrome/common/ipc_channel_win.cc, line 346
ipe error: 109: file z:/[Chilbuid ld/build10468, Chrome_Child/src/ipc/chromium/src/chrome/common/ipc_channel_win.cc, line 346
[Child 1820, Chrome_ChildThread] WARNING: pipe error: 109: file z:/build/build/src/ipc/chromium/src/chrome/common/ipc_channel_win.cc, line 346
[Child 10560, Chrome_ChildThread] WARNING: pipe error: 109: file z:/build/build/src/ipc/chromium/src/chrome/common/ipc_channel_win.cc, line 346
[Child 10560, Chrome_ChildThre[GPU 2488, Chrome_ChildThread] WARNING: pipe error: 10
###!!! [Child][MessageChannel::SendAndWait] Error: Channel error: cannot send/recv

try from C:\Users\Antonio\AppData\Local\openvr\openvrpaths.vrpath
1525446628856	Marionette	INFO	Listening on port 49938
1525446629300	Marionette	WARN	TLS certificate errors will be ignored for this session
[Parent 8792, Gecko_IOThread] WARNING: pipe error: 109: file z:/build/build/src/ipc/chromium/src/chrome/common/ipc_channel_win.cc, line 346
[Parent 8792, Gecko_IOThread] WARNING: pipe error: 109: file z:/build/build/src/ipc/chromium/src/chrome/common/ipc_channel_win.cc, line 346
[Child 12064, Chrome_ChildThread] WARNING: pipe error: 109: file z:/build/build/src/ipc/chromium/src/chrome/common/ipc_channel_win.cc, line 346
[Child 12[Child 12064, Chro1me_ChildThrea12, Chrome_ChildThread] WARNING: pipe error: 109: file z:/build/build/src/ipc/chromium/src/chrome/common/ipc_channel_win.cc, line 346
[Child 12112, Chrome_ChildThread] WARNING: pipe error: 109: file z:/build/build/src/ipc/chromium/src/chrome/common/ipc_channel_win.cc, line 346
[Parent 8792, Gecko_IOThread] WARNING: pipe error: 109: file z:/build/build/src/ipc/chromium/src/chrome/common/ipc_channel_win.cc, line 346
[Child 11640, Chrome_ChildThread] WARNING: pipe error: 109: file z:/build/build/src/ipc/chromium/src/chrome/common/ipc_channel_win.cc, line 346
[Child 11640, Chrome_Chi*** UTM:SVC TimerManager:registerTimer called after profile-before-change notification. Ignoring timer registration for id: telemetry_modules_ping
[GPU 10980, Chrome_Ch
###!!! [Child][MessageChannel::SendAndWait] Error: Channel error: cannot send/recv

1525447056817	geckodriver	INFO	geckodriver 0.20.1
1525447056832	geckodriver	INFO	Listening on 127.0.0.1:50056
1525447059896	mozrunner::runner	INFO	Running command: "C:\\Program Files\\Mozilla Firefox\\firefox.exe" "-marionette" "-profile" "C:\\Users\\Antonio\\AppData\\Local\\Temp\\rust_mozprofile.myT9AgaWyA86"
Unable to read VR Path Registry from C:\Users\Antonio\AppData\Local\openvr\openvrpaths.vrpath
1525447060272	Marionette	INFO	Enabled via --marionette
Unable to read VR Path Registry from C:\Users\Antonio\AppData\Local\openvr\openvrpaths.vrpath
Unable to read VR Path Registry from C:\Users\Antonio\AppData\Local\openvr\openvrpaths.vrpath
Unable to read VR Path Registry from C:\Users\Antonio\AppData\Local\openvr\openvrpaths.vrpath
Unable to read VR Path Registry from C:\Users\Antonio\AppData\Local\openvr\openvrpaths.vrpath
1525447061100	Marionette	INFO	Listening on port 50064
1525447061452	Marionette	WARN	TLS certificate errors will be ignored for this session
[Parent 11424, Gecko_IOThread] WARNING: pipe error: 109: file z:/build/build/src/ipc/chromium/src/chrome/common/ipc_channel_win.cc, line 346
[Child 9220, Chrome_ChildThread] WARNING: pipe error: 109: file z:/build/build/src/ipc/chromium/src/chrome/common/ipc_channel_win.cc, line 346
[Child 9220, Chrome_ChildThread] WARNING: pipe error: 109: file z:/build/build/src/ipc/chromium/s[Child 11248, Chrome_ChildThread] WARNING: pipe error: 109: file z:/build/build/src/ipc/chromium/src/chrome/common/ipc_channel_win.cc, line 346
[Child 11248, Chrome_ChildThread] WARNING: pipe error: 109: file z:/build/build/src/ipc/chromium/src/chrome/common/ipc_channel_win.cc, line 346
[Child 10532, Chrome_ChildThread] WARNING: pipe error: 109: file z:/build/build/src/ipc/chromium/src/chrome/common/ipc_channel_win.cc, line 346
[Child 10532, Chrome_ChildThread] WARNING: pipe error: 109: fil*** UTM:SVC TimerManager:registerTimer called after profile-before-change notification. Ignoring timer registration for id: telemetry_modules_ping
[GPU 11648,
###!!! [Child][MessageChannel::SendAndWait] Error: Channel error: cannot send/recv

1525447272934	geckodriver	INFO	geckodriver 0.20.1
1525447272934	geckodriver	INFO	Listening on 127.0.0.1:50153
1525447276012	mozrunner::runner	INFO	Running command: "C:\\Program Files\\Mozilla Firefox\\firefox.exe" "-marionette" "-profile" "C:\\Users\\Antonio\\AppData\\Local\\Temp\\rust_mozprofile.G2FhW0jDwrgx"
Unable to read VR Path Registry from C:\Users\Antonio\AppData\Local\openvr\openvrpaths.vrpath
1525447276374	Marionette	INFO	Enabled via --marionette
Unable to read VR Path Registry from C:\Users\Antonio\AppData\Local\openvr\openvrpaths.vrpath
Unable to read VR Path Registry from C:\Users\Antonio\AppData\Local\openvr\openvrpaths.vrpath
Unable to read VR Path Registry from C:\Users\Antonio\AppData\Local\openvr\openvrpaths.vrpath
Unable to read VR Path Registry from C:\Users\Antonio\AppData\Local\openvr\openvrpaths.vrpath
1525447277210	Marionette	INFO	Listening on port 50161
1525447277560	Marionette	WARN	TLS certificate errors will be ignored for this session
[[ChiClhild 8620,d 12100 Chrome_C, Chrome_hildThread] WARNING: ChildThread] WARNING: pipe error: 109: file z:/build/pipe error: 109: file z:/builbuild/src/ipc/chromium/src/chrome/common/ipc_channel_win.cc, lind/build/src/ipc/chromium/srce 346
/[Chichrome/cold 12100, Chromemmon/ipc_channel_win.cc, line 346
[Child 8620, Chrome_ChildThread] WARNING: pipe error: 109: file z:/build/build/src/ipc/chromium/src/chrome/common/ipc_channel_win.cc, line 346
[Child 10688, Chrome_ChildThread] WARNING: pipe error: 109: file z:/build/build/src/ipc/chromium/src/chrome/common/ipc_channel_win.cc, line 346
[Child 10688, Chrome_ChildThread] W[
###!!! [Child][MessageChannel::SendAndWait] Error: Channel error: cannot send/recv

1525448549806	geckodriver	INFO	geckodriver 0.20.1
1525448549821	geckodriver	INFO	Listening on 127.0.0.1:50369
1525448552915	mozrunner::runner	INFO	Running command: "C:\\Program Files\\Mozilla Firefox\\firefox.exe" "-marionette" "-profile" "C:\\Users\\Antonio\\AppData\\Local\\Temp\\rust_mozprofile.tiOF8lNDAG0g"
Unable to read VR Path Registry from C:\Users\Antonio\AppData\Local\openvr\openvrpaths.vrpath
1525448553306	Marionette	INFO	Enabled via --marionette
Unable to read VR Path Registry from C:\Users\Antonio\AppData\Local\openvr\openvrpaths.vrpath
Unable to read VR Path Registry from C:\Users\Antonio\AppData\Local\openvr\openvrpaths.vrpath
Unable to read VR Path Registry from C:\Users\Antonio\AppData\Local\openvr\openvrpaths.vrpath
Unable to read VR Path Registry from C:\Users\Antonio\AppData\Local\openvr\openvrpaths.vrpath
1525448554174	Marionette	INFO	Listening on port 50378
1525448554448	Marionette	WARN	TLS certificate errors will be ignored for this session
[Parent 11124, Gecko_IOThread] WARNING: pipe error: 109: file z:/build/build/src/ipc/chromium/src/chrome/common/ipc_channel_win.cc, line 346
[Parent 11124, Gecko_IOThread] WARNING: pipe error: 109: file z:/build/build/src/ipc/chromium/src/chrome/common/ipc_channel_win.cc, line 346
[Child 6496, Chrome_ChildThread] WARNING: pipe error: 109: file z:/build/build/src/ipc/chromium/src/chrome/common/ipc_channel_win.cc, line 346
[Child 6496, Chrome_ChildThrea[dChild 5512, Chrome_ChildThread] WARNING: pipe error: 109: file z:/build/build/src/ipc/chromium/src/chrome/common/ipc_channel_win.cc, line 346
[Child 5512, Chrome_ChildThread] WARNING: pipe error: 109: file z:/build/build/src/ipc/chromium/src/chrome/common/ipc_c[Parent 11124, Gecko_IOThread] WARNING: pipe error: 109: file z:/build/build/src/ipc/chromium/src/chrome/common/ipc_channel_win.cc, line 346
[Child 11696, Chrome_ChildThread] WARNING: pipe error: 109: file z:/build/build/src/ipc/chromium/src/chrome/common/ipc_ch[Parent 32, Gecko_IOThread] WARNING: pipe error: 109: file z:/build/build/src/ipc/chromium/src/chrome/common/ipc_channel_win.cc, line 346
[Parent 32, Gecko_IOThread] WARNING: pipe error: 109: file z:/build/build/src/ipc/chromium/src/chrome/common/ipc_channel_win.cc, line 346
[Child 8756, Chrome_ChildThread] WARNING: pipe error: 109: file z:/build/build/src/ipc/chromium/src/chrome/common/ipc_channel_win.cc, line 346
[Child 8756, Chrome_ChildThread] WARNING: pipe error: 109: file [Child 4568, Chrome_ChildThread] WARNING: pipe error: 109: file z:/build/build/src/ipc/chromium/src/chrome/common/ipc_channel_win.cc, line 346
[Child 4568, Chrome_ChildThread][Parent 32, Gecko_IOThread] WARNING: pipe error: 109: file z:/build/build/src/ipc/chromium/src/chrome/common/ipc_channel_win.cc, line 346
[Child 11336, Chrome_ChildThread] WARNING: pipe error: 109: file z:/build/build/src/ipc/chromium/src/chrome/common/ipc_channel_win.cc, line 346
[Child 11336, Chrome_ChildTh*** UTM:SVC TimerManager:registerTimer called after profile-before-change notification. Ignoring timer registration for id: telemetry_modules_ping
[GPU 11680, Chrome_ChildThread] WARNING: pip
###!!! [Child][MessageChannel::SendAndWait] Error: Channel error: cannot send/recv

1525448592298	geckodriver	INFO	geckodriver 0.20.1
1525448592313	geckodriver	INFO	Listening on 127.0.0.1:50501
1525448595360	mozrunner::runner	INFO	Running command: "C:\\Program Files\\Mozilla Firefox\\firefox.exe" "-marionette" "-profile" "C:\\Users\\Antonio\\AppData\\Local\\Temp\\rust_mozprofile.vuSAZ1e8mVaP"
Unable to read VR Path Registry from C:\Users\Antonio\AppData\Local\openvr\openvrpaths.vrpath
1525448595724	Marionette	INFO	Enabled via --marionette
Unable to read VR Path Registry from C:\Users\Antonio\AppData\Local\openvr\openvrpaths.vrpath
Unable to read VR Path Registry from C:\Users\Antonio\AppData\Local\openvr\openvrpaths.vrpath
Unable to read VR Path Registry from C:\Users\Antonio\AppData\Local\openvr\openvrpaths.vrpath
Unable to read VR Path Registry from C:\Users\Antonio\AppData\Local\openvr\openvrpaths.vrpath
1525448596490	Marionette	INFO	Listening on port 50509
1525448596902	Marionette	WARN	TLS certificate errors will be ignored for this session
[Parent 9476, Gecko_IOThread] WARNING: pipe error: 109: file z:/build/build/src/ipc/chromium/src/chrome/common/ipc_channel_win.cc, line 346
[Child 8580, Chrome_ChildThread] WARNING: pipe error: 109: file z:/build/build/src/ipc/chromium/src/chrome/common/ipc_channel_win.cc, line 346
[Chi[Chld 8580ild 86, Chrome_ChildThre20, Chrome_ChildThread] WARNING: pipe error: 109: file z:/build/build/src/ipc/chromium/src/chrome/common/ipc_channel_win.cc, line 346
[Child 8620, Chrome_ChildThread] WARNING: pipe error: 109: file z:/build/build/src/ipc/chrom[Child 12284, Chrome_ChildThread] WARNING: pipe error: 109: file z*** UTM:SVC TimerManager:registerTimer called after profile-before-change notification. Ignoring timer registration for id: telemetry_modules_ping
[GPU 11260, Chrome_ChildThread] WARNING: pipe error: 109: file z:/build
###!!! [Child][MessageChannel::SendAndWait] Error: Channel error: cannot send/recv

1525449217022	geckodriver	INFO	geckodriver 0.20.1
1525449217022	geckodriver	INFO	Listening on 127.0.0.1:50677
1525449220053	mozrunner::runner	INFO	Running command: "C:\\Program Files\\Mozilla Firefox\\firefox.exe" "-marionette" "-profile" "C:\\Users\\Antonio\\AppData\\Local\\Temp\\rust_mozprofile.J3BgGLaL16So"
Unable to read VR Path Registry from C:\Users\Antonio\AppData\Local\openvr\openvrpaths.vrpath
1525449220440	Marionette	INFO	Enabled via --marionette
Unable to read VR Path Registry from C:\Users\Antonio\AppData\Local\openvr\openvrpaths.vrpath
Unable to read VR Path Registry from C:\Users\Antonio\AppData\Local\openvr\openvrpaths.vrpath
Unable to read VR Path Registry from C:\Users\Antonio\AppData\Local\openvr\openvrpaths.vrpath
Unable to read VR Path Registry from C:\Users\Antonio\AppData\Local\openvr\openvrpaths.vrpath
1525449221194	Marionette	INFO	Listening on port 50685
1525449221592	Marionette	WARN	TLS certificate errors will be ignored for this session
IPDL protocol error: Handler returned error code!

###!!! [Parent][DispatchAsyncMessage] Error: PAPZCTreeManager::Msg_SetTargetAPZC Processing error: message was deserialized, but the handler returned false (indicating failure)

[Child 9716, Chrome_ChildThread] WARNING: pipe error: 109: file z:/build/build/src/ipc/chromium/src/chrome/common/ipc_channel_win.cc, line 346
[Child 9716, Chrome[_ChiChilld 9404, Chrome_ChildThread] WARNING: pipe error: 109: file z:/build/build/src/ipc/chromium/src/chrome/common/ipc_channel_win.cc, line 346
[Child 9404, Chrome_ChildThread] WARNING: pipe error: 109: file z:/build/build/src/ipc/chromium/src/chrome/common/ipc_channel_win.cc, [Child 8092, Chrome_ChildThread] WARNING: pipe error: 109: file z:/build/build/src/ipc/chromium/src/chrome/common/ipc_channel_win.cc, line 346
[Child 8092, Chrome_ChildThread] WAR*** UTM:SVC TimerManager:registerTimer called after profile-before-change notification. Ignoring timer registration for id: telemetry_modules_ping

###!!! [Child][MessageChannel::SendAndWait] Error: Channel error: cannot send/recv

nette	INFO	Listening on port 50751
1525449256540	Marionette	WARN	TLS certificate errors will be ignored for this session
[Parent 5060, Gecko_IOThread] WARNING: pipe error: 109: file z:/build/build/src/ipc/chromium/src/chrome/common/ipc_channel_win.cc, line 346
[Parent 5060, Gecko_IOThread] WARNING: pipe error: 109: file z:/build/build/src/ipc/chromium/src/chrome/common/ipc_channel_win.cc, line 346
[Child 2228, Chrome_ChildThread] WARNING: pipe error: 109: file z:/build/build/src/ipc/chromium/src/chrome/common/ipc_channel_win.cc, line 346
[Child 2448, [Child 2228, Chrome_ChildThread] WARNING: pipe error: 109: file z:/build/build/src/ipc/chromium/src/chrome/common/ipc_channel_win.cc, line 346
[Child 2448, Chrome_ChildThread] WARNING: pipe error: 109: file z:/build/build/src/ipc/chromium/src/chrome/common/ipc_channel_win.cc, line 346
[Parent 5060, Gecko_IOThread] WARNING: pipe error: 109: file z:/build/build/src/ipc/chromium/src/chrome/common/ipc_channel_win.cc, line 346
[Child 5152, Chrome_ChildThread] WARNING: pipe error: 109: file z:/build/build/src/ipc/chromium/src/chrome/common/ipc_channel_win.cc, line 346
[Child 5152, Chrome_Chil*** UTM:SVC TimerManager:registerTimer called after profile-before-change notification. Ignoring timer registration for id: telemetry_modules_ping
[GPU 5992, Chro
###!!! [Child][MessageChannel::SendAndWait] Error: Channel error: cannot send/recv

1525451022717	geckodriver	INFO	geckodriver 0.20.1
1525451022717	geckodriver	INFO	Listening on 127.0.0.1:50867
1525451025812	mozrunner::runner	INFO	Running command: "C:\\Program Files\\Mozilla Firefox\\firefox.exe" "-marionette" "-profile" "C:\\Users\\Antonio\\AppData\\Local\\Temp\\rust_mozprofile.U9qwojOCF5Ld"
Unable to read VR Path Registry from C:\Users\Antonio\AppData\Local\openvr\openvrpaths.vrpath
1525451026244	Marionette	INFO	Enabled via --marionette
Unable to read VR Path Registry from C:\Users\Antonio\AppData\Local\openvr\openvrpaths.vrpath
Unable to read VR Path Registry from C:\Users\Antonio\AppData\Local\openvr\openvrpaths.vrpath
Unable to read VR Path Registry from C:\Users\Antonio\AppData\Local\openvr\openvrpaths.vrpath
Unable to read VR Path Registry from C:\Users\Antonio\AppData\Local\openvr\openvrpaths.vrpath
1525451027072	Marionette	INFO	Listening on port 50876
1525451027346	Marionette	WARN	TLS certificate errors will be ignored for this session
[Parent 9016, Gecko_IOThread] WARNING: pipe error: 109: file z:/build/build/src/ipc/chromium/src/chrome/common/ipc_channel_win.cc, line 346
[Child 10680, Chrome_ChildThread] WARNING: pipe error: 109: file z:/build/build/src/ipc/chromium/src/chrome/common/ipc_channel_win.cc, line 346
[Child 10680, Chrome_ChildThread] WA[Child 9344, Chrome_ChildThread] WARNING: pipe error: 109: file z:/build/build/src/ipc/chromium/src/chrome/common/ipc_channel_win.cc, line 346
[Child 9344, Chrome_ChildThread] WARNING: pipe error: 109: file z:/build/build/src/ipc/chromium/src/chrome/common/ipc_channel_win.cc, line 346
[Parent 9016, Gecko_IOThread] WARNING: pipe error: 109: file z:/build/build/src/ipc/chromium/src/chrome/common/ipc_channel_win.cc, line 346
[Child 4248, Chrome_ChildThread] WARNING: pipe error: 109: file z:/build/build/src/ipc/chromium/src/chrome/common/ipc_channel_win.cc, line 346
[Child 4248, Chrome_ChildThread] WARNING: pipe error: 109: file z:/build/build*** UTM:SVC TimerManager:registerTimer called after profile-before-change notification. Ignoring timer registration for id: telemetry_modules_ping
[GPU 7848,
###!!! [Child][MessageChannel::SendAndWait] Error: Channel error: cannot send/recv

1525511004008	geckodriver	INFO	geckodriver 0.20.1
1525511004021	geckodriver	INFO	Listening on 127.0.0.1:51667
1525511007121	mozrunner::runner	INFO	Running command: "C:\\Program Files\\Mozilla Firefox\\firefox.exe" "-marionette" "-profile" "C:\\Users\\Antonio\\AppData\\Local\\Temp\\rust_mozprofile.Gpp8wzr5Oc7N"
Unable to read VR Path Registry from C:\Users\Antonio\AppData\Local\openvr\openvrpaths.vrpath
1525511008026	Marionette	INFO	Enabled via --marionette
Unable to read VR Path Registry from C:\Users\Antonio\AppData\Local\openvr\openvrpaths.vrpath
Unable to read VR Path Registry from C:\Users\Antonio\AppData\Local\openvr\openvrpaths.vrpath
Unable to read VR Path Registry from C:\Users\Antonio\AppData\Local\openvr\openvrpaths.vrpath
Unable to read VR Path Registry from C:\Users\Antonio\AppData\Local\openvr\openvrpaths.vrpath
1525511009392	Marionette	INFO	Listening on port 51677
1525511010302	Marionette	WARN	TLS certificate errors will be ignored for this session
[Parent 10340, Gecko_IOThread] WARNING: pipe error: 109: file z:/build/build/src/ipc/chromium/src/chrome/common/ipc_channel_win.cc, line 346
[Parent 10340, Gecko_IOThread] WARNING: pipe error: 109: file z:/build/build/src/ipc/chromium/src/chrome/common/ipc_channel_win.cc, line 346
[Child 11188, Chrome_ChildThread] WARNING: pipe error: 109: file z:/build/build/src/ipc/chromium/src/chrome/common/ipc_channel_win.cc, l[Child i8400, Chrome_ChildTne 34hread6
] WARNING: pipe e[Child 11r188, ror: 109: file z:/build/build/src/ipc/chromium/src/chrome/common/ipc_channel_win.cc, line 346
[Child 8400, Chrome_ChildThread] WARNING: pipe error: 109: file z:/build/build/src/ipc/chromium/src/chrome/common/ipc_channel_win.cc, line 346
[Parent 10340, Gecko_IOThread] WARNING: pipe error: 109: file z:/build/build/src/ipc/chromium/src/chrome/common/ipc_channel_win.cc, line 346
[Child 9364, Chrome_ChildThread] WARNING: pipe error: 109: file z:/build/build/src/ipc/chromium/src/chrome/common/ipc_channel_win.cc, line 346
[Child 9364, Chrome_ChildThread] *** UTM:SVC TimerManager:registerTimer called after profile-before-change notification. Ignoring timer registration for id: telemetry_modules_ping
[GPU 10360, C
###!!! [Child][MessageChannel::SendAndWait] Error: Channel error: cannot send/recv

1525511465154	geckodriver	INFO	geckodriver 0.20.1
1525511465163	geckodriver	INFO	Listening on 127.0.0.1:52396
1525511468251	mozrunner::runner	INFO	Running command: "C:\\Program Files\\Mozilla Firefox\\firefox.exe" "-marionette" "-profile" "C:\\Users\\Antonio\\AppData\\Local\\Temp\\rust_mozprofile.9SP4VwPpNFUr"
Unable to read VR Path Registry from C:\Users\Antonio\AppData\Local\openvr\openvrpaths.vrpath
1525511469128	Marionette	INFO	Enabled via --marionette
Unable to read VR Path Registry from C:\Users\Antonio\AppData\Local\openvr\openvrpaths.vrpath
Unable to read VR Path Registry from C:\Users\Antonio\AppData\Local\openvr\openvrpaths.vrpath
Unable to read VR Path Registry from C:\Users\Antonio\AppData\Local\openvr\openvrpaths.vrpath
Unable to read VR Path Registry from C:\Users\Antonio\AppData\Local\openvr\openvrpaths.vrpath
1525511470528	Marionette	INFO	Listening on port 52404
1525511471412	Marionette	WARN	TLS certificate errors will be ignored for this session
[Parent 11492, Gecko_IOThread] WARNING: pipe error: 109: file z:/build/build/src/ipc/chromium/src/chrome/common/ipc_channel_win.cc, line 346
[Parent 11492, Gecko_IOThread] WARNING: pipe error: 109: file z:/build/build/src/ipc/chromium/src/chrome/common/ipc_channel_win.cc, line 346
[Child 1672, Chrome_ChildThread] WARNING: pipe error: 109: file z:/build/build/src/ipc/chromium/src/chrome/common/ipc_channel_win.cc, line 346
[Child 6996, Chrome_ChildThread] WARNING: pipe error: 109: file z:/build/build/src/ipc/chromium/src/chrome/common/ipc_channel_win.cc, line 346
[Child 6996, Chrome_ChildThread] WARNING: pipe error: 109: file z:/build/build/src/ipc/chromium/sr[Parent 11492, Gecko_IOThread] WARNING: pipe error: 109: file z:/build/build/src/ipc/chromium/src/chrome/common/ipc_channel_win.cc, line 346
[Child 1528, Chrome_ChildThread] WARNING: pipe error: 109: file z:/build/build/src/ipc/chromium/src/chrome/common/ipc_channel_win.cc, line 346
[Child 1528, Chrome_ChildThr*** UTM:SVC TimerManager:registerTimer called after profile-before-change notification. Ignoring timer registration for id: telemetry_modules_ping
[GPU 10748, Chr
###!!! [Child][MessageChannel::SendAndWait] Error: Channel error: cannot send/recv

1525511788060	geckodriver	INFO	geckodriver 0.20.1
1525511788071	geckodriver	INFO	Listening on 127.0.0.1:53228
1525511791166	mozrunner::runner	INFO	Running command: "C:\\Program Files\\Mozilla Firefox\\firefox.exe" "-marionette" "-profile" "C:\\Users\\Antonio\\AppData\\Local\\Temp\\rust_mozprofile.HLdwr81AF9Jz"
Unable to read VR Path Registry from C:\Users\Antonio\AppData\Local\openvr\openvrpaths.vrpath
1525511792074	Marionette	INFO	Enabled via --marionette
Unable to read VR Path Registry from C:\Users\Antonio\AppData\Local\openvr\openvrpaths.vrpath
Unable to read VR Path Registry from C:\Users\Antonio\AppData\Local\openvr\openvrpaths.vrpath
Unable to read VR Path Registry from C:\Users\Antonio\AppData\Local\openvr\openvrpaths.vrpath
Unable to read VR Path Registry from C:\Users\Antonio\AppData\Local\openvr\openvrpaths.vrpath
1525511793298	Marionette	INFO	Listening on port 53236
1525511794362	Marionette	WARN	TLS certificate errors will be ignored for this session
[Parent 11932, Gecko_IOThread] WARNING: pipe error: 109: file z:/build/build/src/ipc/chromium/src/chrome/common/ipc_channel_win.cc, line 346
[Parent 11932, Gecko_IOThread] WARNING: pipe error: 109: file z:/build/build/src/ipc/chromium/src/chrome/common/ipc_channel_win.cc, line 346
[Child 4160, Chrome_ChildThread] WARNING: pipe error: 109: file z:/build/build/src/ipc/chromium/src/chrome/common/ipc_channel_win.cc, line 346
[Child 7192, Chrome_ChildThread] WARNING: pipe error: 109: file z:/build/build/src/ipc/chromium/src/chrome/common/ipc_channel_win.cc, line 346
[Child 7192, Chrome_ChildThread] WARNING: pipe error: 109: file z:/build/build/src/ipc/chromium/src/chrome/common/ipc_channel_win.cc, line 346
*** UTM:SVC TimerManager:registerTimer called after profile-before-change notification. Ignoring timer registration for id: telemetry_modules_ping

###!!! [Child][MessageChannel::SendAndWait] Error: Channel error: cannot send/recv

1525511871816	geckodriver	INFO	geckodriver 0.20.1
1525511871827	geckodriver	INFO	Listening on 127.0.0.1:53304
1525511874949	mozrunner::runner	INFO	Running command: "C:\\Program Files\\Mozilla Firefox\\firefox.exe" "-marionette" "-profile" "C:\\Users\\Antonio\\AppData\\Local\\Temp\\rust_mozprofile.9HyDwimOUoAo"
Unable to read VR Path Registry from C:\Users\Antonio\AppData\Local\openvr\openvrpaths.vrpath
1525511875792	Marionette	INFO	Enabled via --marionette
Unable to read VR Path Registry from C:\Users\Antonio\AppData\Local\openvr\openvrpaths.vrpath
Unable to read VR Path Registry from C:\Users\Antonio\AppData\Local\openvr\openvrpaths.vrpath
Unable to read VR Path Registry from C:\Users\Antonio\AppData\Local\openvr\openvrpaths.vrpath
Unable to read VR Path Registry from C:\Users\Antonio\AppData\Local\openvr\openvrpaths.vrpath
1525511876992	Marionette	INFO	Listening on port 53312
1525511877010	Marionette	WARN	TLS certificate errors will be ignored for this session
[Child 3076, Chrome_ChildThread] WARNING: pipe error: 109: file z:/build/build/src/ipc/chromium/src/chrome/common/ipc_channel_win.cc, line 346
[Child 3076, Chrome_ChildThread] WARNING: pipe error: 109: file z:/build[Child 5076, Chrome_ChildThread] WARNING: pipe error: 109: file z:/build/build/src/ipc/chromium/src/chrome/common/ipc_channel_win.cc, line 346
[Child 5076, Chrome_ChildThread] WARNING: pipe error: 109: file z:/build/build/src/ipc/chromium/src/chrome/common/ipc_channel_win.cc, line 346
[Parent 7460, Gecko_IOThread] WARNING: pipe error: 109: file z:/build/build/src/ipc/chromium/src/chrome/common/ipc_channel_win.cc, line 346
[Child 1968, Chrome_ChildThread] WARNING: pipe error: 109: file z:/build/build/src/ipc/chromium/src/chrome/common/ipc_channel_win.cc, line 346
[Child 1968, Chrome_ChildThread][GPU 12100, 
###!!! [Child][MessageChannel::SendAndWait] Error: Channel error: cannot send/recv

e	WARN	TLS certificate errors will be ignored for this session
[Child 11344, Chrome_ChildThread] WARNING: pipe error: 109: file z:/build/build/src/ipc/chromium/src/chrome/common/ipc_channel_win.cc, line 346
[Child 4824, Chrome_ChildThread] WARNING: pipe error: 109: file z:/build/build/src/ipc/chromium/src/chrome/common/ipc_channel_win.cc, line 346
[Child 4824, Chrome_ChildThread] WARNING: pipe error: 109: file z:/build/build/src/ipc/chromium/src/chrome/common/ipc_channel_win.cc, li[Child 796, Chrome_ChildThread] WARNING: pipe error: 109: file z:/build/build/src/ipc/chromium/src/chrome/common/ipc_channel_win.cc, line 346
[Child 796, Chrome_*** UTM:SVC TimerManager:registerTimer called after profile-before-change notification. Ignoring timer registration for id: telemetry_modules_ping

###!!! [Child][MessageChannel::SendAndWait] Error: Channel error: cannot send/recv

1525512115507	geckodriver	INFO	geckodriver 0.20.1
1525512115517	geckodriver	INFO	Listening on 127.0.0.1:53492
1525512118627	mozrunner::runner	INFO	Running command: "C:\\Program Files\\Mozilla Firefox\\firefox.exe" "-marionette" "-profile" "C:\\Users\\Antonio\\AppData\\Local\\Temp\\rust_mozprofile.Qe5RCCKYtrG5"
Unable to read VR Path Registry from C:\Users\Antonio\AppData\Local\openvr\openvrpaths.vrpath
1525512119568	Marionette	INFO	Enabled via --marionette
Unable to read VR Path Registry from C:\Users\Antonio\AppData\Local\openvr\openvrpaths.vrpath
Unable to read VR Path Registry from C:\Users\Antonio\AppData\Local\openvr\openvrpaths.vrpath
Unable to read VR Path Registry from C:\Users\Antonio\AppData\Local\openvr\openvrpaths.vrpath
Unable to read VR Path Registry from C:\Users\Antonio\AppData\Local\openvr\openvrpaths.vrpath
1525512120930	Marionette	INFO	Listening on port 53500
1525512121820	Marionette	WARN	TLS certificate errors will be ignored for this session
[Parent 9528, Gecko_IOThread] WARNING: pipe error: 109: file z:/build/build/src/ipc/chromium/src/chrome/common/ipc_channel_win.cc, line 346
[Parent 9528, Gecko_IOThread] WARNING: pipe error: 109: file z:/build/build/src/ipc/chromium/src/chrome/common/ipc_channel_win.cc, line 346
[Child 1216, Chrome[Child 2144, Chrome_ChildThread] WARNING: pipe error: 109: file z:/build/build/src/ipc/chromium/src/chrome/common/ipc_channel_win.cc, line 346
[Child 2144, Chrome_Child[Parent 9528, Gecko_IOThread] WARNING: pipe error: 109: file z:/build/build/src/ipc/chromium/src/chrome/common/ipc_channel_win.cc, line 346
[Child 6100, Chrome_ChildThread] WARNING: pipe error: 109: file z:/build/build/src/ipc/chromium/src/chrome/common/ipc_channel_win.cc, line 346
[Child 6100, Chrome_*** UTM:SVC TimerManager:registerTimer called after profile-before-change notification. Ignoring timer registration for id: telemetry_modules_ping

###!!! [Child][MessageChannel::SendAndWait] Error: Channel error: cannot send/recv

1525512164857	geckodriver	INFO	geckodriver 0.20.1
1525512164869	geckodriver	INFO	Listening on 127.0.0.1:53562
1525512167985	mozrunner::runner	INFO	Running command: "C:\\Program Files\\Mozilla Firefox\\firefox.exe" "-marionette" "-profile" "C:\\Users\\Antonio\\AppData\\Local\\Temp\\rust_mozprofile.zpq4Sxj0XGju"
Unable to read VR Path Registry from C:\Users\Antonio\AppData\Local\openvr\openvrpaths.vrpath
1525512168944	Marionette	INFO	Enabled via --marionette
Unable to read VR Path Registry from C:\Users\Antonio\AppData\Local\openvr\openvrpaths.vrpath
Unable to read VR Path Registry from C:\Users\Antonio\AppData\Local\openvr\openvrpaths.vrpath
Unable to read VR Path Registry from C:\Users\Antonio\AppData\Local\openvr\openvrpaths.vrpath
Unable to read VR Path Registry from C:\Users\Antonio\AppData\Local\openvr\openvrpaths.vrpath
1525512170142	Marionette	INFO	Listening on port 53570
1525512171164	Marionette	WARN	TLS certificate errors will be ignored for this session
[Parent 1704, Gecko_IOThread] WARNING: pipe error: 109: file z:/build/build/src/ipc/chromium/src/chrome/common/ipc_channel_win.cc, line 346
[Parent 1704, Gecko_IOThread] WARNING: pipe error: 109: file z:/build/build/src/ipc/chromium/src/chrome/common/ipc_channel_win.cc, line 346
[Child 6196, Chrome_ChildThread] WARNING: pipe error: 109: file z:/build/build/src/ipc/chromium/src/chrome/common/ipc_channel_win.cc, line 346
[Child 6196, Chrome_ChildThread] WARNING: pipe [Child 11308, Chrome_ChildThread] WARNING: pipe error: 109: file z:/build/build/src/ipc/chromium/src/chrome/common/ipc_channel_win.cc, line 346
[Child 11308, Chrome_ChildThread] WARNING: pipe error: 109: file z:/build/build/src/ipc/chromium/src/chrome/common/ipc_channel_win.cc, line 346
[Child 4248, Chrome_ChildThread] WARNING: pipe error: 109: file z:/build/build/src/ipc/chromium/src/chrome/common/ipc_channel_win.cc, line 346
[Child 4248, Chrome_ChildThread] WARNING: pipe e*** UTM:SVC TimerManager:registerTimer called after profile-before-change notification. Ignoring timer registration for id: telemetry_modules_ping

###!!! [Child][MessageChannel::SendAndWait] Error: Channel error: cannot send/recv

1525512215813	geckodriver	INFO	geckodriver 0.20.1
1525512215822	geckodriver	INFO	Listening on 127.0.0.1:53632
1525512218939	mozrunner::runner	INFO	Running command: "C:\\Program Files\\Mozilla Firefox\\firefox.exe" "-marionette" "-profile" "C:\\Users\\Antonio\\AppData\\Local\\Temp\\rust_mozprofile.uupRi7Sxtr2U"
Unable to read VR Path Registry from C:\Users\Antonio\AppData\Local\openvr\openvrpaths.vrpath
1525512219844	Marionette	INFO	Enabled via --marionette
Unable to read VR Path Registry from C:\Users\Antonio\AppData\Local\openvr\openvrpaths.vrpath
Unable to read VR Path Registry from C:\Users\Antonio\AppData\Local\openvr\openvrpaths.vrpath
Unable to read VR Path Registry from C:\Users\Antonio\AppData\Local\openvr\openvrpaths.vrpath
Unable to read VR Path Registry from C:\Users\Antonio\AppData\Local\openvr\openvrpaths.vrpath
1525512221416	Marionette	INFO	Listening on port 53640
1525512222118	Marionette	WARN	TLS certificate errors will be ignored for this session
[Child 11712, Chrome_ChildThread] WARNING: pipe error: 109: file z:/build/build/src/ipc/chromium/src/chrome/common/ipc_channel_win.cc, line 346
[Child 10520, Chrome_ChildThread] WARNING: pipe error: 109: file z:/build/build/src/ipc/chromium/src/chrome/common/ipc_channel_win.cc, line 346
[Child 10520, Chrome_ChildThread] WARNING: pipe error: 109: file z:/build/build/src/ipc/chromium/src/chrome/common/ipc_channel_win.cc, line 346
[Child 5652, Chrome_ChildThread] WARNING: pipe error: 109: file z:/build/build/src/ipc/chromium/src/chrome/common/ipc_channel_win.cc, line 346
[Child 5652, Chrome_ChildThread] WARNING: pipe error: [GPU 115
###!!! [Child][MessageChannel::SendAndWait] Error: Channel error: cannot send/recv

penvrpaths.vrpath
Unable to read VR Path Registry from C:\Users\Antonio\AppData\Local\openvr\openvrpaths.vrpath
1525512268582	Marionette	INFO	Listening on port 53710
1525512269276	Marionette	WARN	TLS certificate errors will be ignored for this session
[Parent 4492, Gecko_IOThread] WARNING: pipe error: 109: file z:/build/build/src/ipc/chromium/src/chrome/common/ipc_channel_win.cc, line 346
[Parent 4492, Gecko_IOThread] WARNING: pipe error: 109: file z:/build/build/src/ipc/chromium/src/chrome/common/ipc_channel_win.cc, line 346
[Child 9476, Chrome_ChildThread] WARNING: pipe error: 109: file z:/build/build/src/ipc/chromium/src/chrome/common/ipc_channel_win.cc, line 346
[Child 8676, Chrome_ChildThread] WARNING: pipe error: 109: file z:/build/build/src/ipc/chromium/src/chrome/common/ipc_channel_win.cc, line 346
[Child 8676, Chrome_ChildThread] WARNING: pipe error: 109: file z:/build/build/src/ipc/chromium/src/chrome/common/ipc_channel_win.cc, line[Parent 4492, Gecko_IOThread] WARNING: pipe error: 109: file z:/build/build/src/ipc/chromium/src/chrome/common/ipc_channel_win.cc, line 346
[Child 6240, Chrome_ChildThread] WARNING: pipe error: 109: file z:/build/build/src/ipc/chromium/src/chrome/common/ipc_channel_win.cc, line 346
[Child 6240, Chrome_Ch*** UTM:SVC TimerManager:registerTimer called after profile-before-change notification. Ignoring timer registration for id: telemetry_modules_ping
[GPU 7192, Chrome
###!!! [Child][MessageChannel::SendAndWait] Error: Channel error: cannot send/recv

1525512333607	geckodriver	INFO	geckodriver 0.20.1
1525512333617	geckodriver	INFO	Listening on 127.0.0.1:53831
1525512336698	mozrunner::runner	INFO	Running command: "C:\\Program Files\\Mozilla Firefox\\firefox.exe" "-marionette" "-profile" "C:\\Users\\Antonio\\AppData\\Local\\Temp\\rust_mozprofile.2IebxziGbgWw"
Unable to read VR Path Registry from C:\Users\Antonio\AppData\Local\openvr\openvrpaths.vrpath
1525512337758	Marionette	INFO	Enabled via --marionette
Unable to read VR Path Registry from C:\Users\Antonio\AppData\Local\openvr\openvrpaths.vrpath
Unable to read VR Path Registry from C:\Users\Antonio\AppData\Local\openvr\openvrpaths.vrpath
Unable to read VR Path Registry from C:\Users\Antonio\AppData\Local\openvr\openvrpaths.vrpath
Unable to read VR Path Registry from C:\Users\Antonio\AppData\Local\openvr\openvrpaths.vrpath
1525512339152	Marionette	INFO	Listening on port 53839
1525512339872	Marionette	WARN	TLS certificate errors will be ignored for this session
[Parent 6424, Gecko_IOThread] WARNING: pipe error: 109: file z:/build/build/src/ipc/chromium/src/chrome/common/ipc_channel_win.cc, line 346
[Child 10516, Chrome_ChildThread] WARNING: pipe error: 109: file z:/build/build/src/ipc/chromium/src/chrome/common/ipc_channel_win.cc, line 346
[Child 10516, Chrome_ChildThread] WA[Child 6060, Chrome_ChildThread] WARNING: pipe error: 109: file z:/build/build/src/ipc/chromium/src/chrome/common/ipc_channel_win.cc, line 346
[Child 6060, Chrome_ChildThread] WARNING:[Parent 6424, Gecko_IOThread] WARNING: pipe error: 109: file z:/build/build/src/ipc/chromium/src/chrome/common/ipc_channel_win.cc, line 346
[Child 5796, Chrome_ChildThread] WARNING: pipe error: 109: file z:/build/build/src/ipc/chromium/src/chrome/common/ipc_channel_win.cc, line 346
[Child 5796, Chrome_ChildThread] WA[GPU 7500, Chrome_Child
###!!! [Child][MessageChannel::SendAndWait] Error: Channel error: cannot send/recv

1525514515197	geckodriver	INFO	geckodriver 0.20.1
1525514515211	geckodriver	INFO	Listening on 127.0.0.1:57533
1525514518292	mozrunner::runner	INFO	Running command: "C:\\Program Files\\Mozilla Firefox\\firefox.exe" "-marionette" "-profile" "C:\\Users\\Antonio\\AppData\\Local\\Temp\\rust_mozprofile.zBD0MbA2QBB1"
Unable to read VR Path Registry from C:\Users\Antonio\AppData\Local\openvr\openvrpaths.vrpath
1525514519250	Marionette	INFO	Enabled via --marionette
Unable to read VR Path Registry from C:\Users\Antonio\AppData\Local\openvr\openvrpaths.vrpath
Unable to read VR Path Registry from C:\Users\Antonio\AppData\Local\openvr\openvrpaths.vrpath
Unable to read VR Path Registry from C:\Users\Antonio\AppData\Local\openvr\openvrpaths.vrpath
Unable to read VR Path Registry from C:\Users\Antonio\AppData\Local\openvr\openvrpaths.vrpath
1525514520490	Marionette	INFO	Listening on port 57541
1525514521472	Marionette	WARN	TLS certificate errors will be ignored for this session
[Parent 10848, Gecko_IOThread] WARNING: pipe error: 109: file z:/build/build/src/ipc/chromium/src/chrome/common/ipc_channel_win.cc, line 346
[Child 8072, Chrome_ChildThread] WARNING: pipe error: 109: file z:/build/build/src/ipc/chromium/src/chrome/common/ipc_channel_win.cc, line 346
[Child 8072, Chrome_ChildTh[Parent 10848, Gecko_IOThread] WARNING: pipe error: 109: file z:/build/build/src/ipc/chromium/src/chrome/common/ipc_channel_win.cc, line 346
[Child 4760, Chrome_ChildThread] WARNING: pipe error: 109: file z:/build/build/src/ipc/chromium/src/chrome/common/ipc_channel_win.cc, line 346
[Child 4760, Chrome_ChildThread][Child 3520, Chrome_ChildThread] WARNING: pipe error: 109: file z:/build/build/src/ipc/chromium/src/chrome/common/ipc_channel_win.cc, line 346
[Child 3520, Chrome_Ch[GPU 5100, 
###!!! [Child][MessageChannel::SendAndWait] Error: Channel error: cannot send/recv

1525515108175	geckodriver	INFO	geckodriver 0.20.1
1525515108183	geckodriver	INFO	Listening on 127.0.0.1:58334
1525515111262	mozrunner::runner	INFO	Running command: "C:\\Program Files\\Mozilla Firefox\\firefox.exe" "-marionette" "-profile" "C:\\Users\\Antonio\\AppData\\Local\\Temp\\rust_mozprofile.2gDVsg1EDttx"
Unable to read VR Path Registry from C:\Users\Antonio\AppData\Local\openvr\openvrpaths.vrpath
1525515112072	Marionette	INFO	Enabled via --marionette
Unable to read VR Path Registry from C:\Users\Antonio\AppData\Local\openvr\openvrpaths.vrpath
Unable to read VR Path Registry from C:\Users\Antonio\AppData\Local\openvr\openvrpaths.vrpath
Unable to read VR Path Registry from C:\Users\Antonio\AppData\Local\openvr\openvrpaths.vrpath
1525515113286	Marionette	INFO	Listening on port 58342
1525515113304	Marionette	WARN	TLS certificate errors will be ignored for this session
JavaScript error: jar:file:///C:/Program%20Files/Mozilla%20Firefox/omni.ja!/components/nsUrlClassifierListManager.js, line 69: NS_ERROR_XPC_GS_RETURNED_FAILURE: Component returned failure code: 0x80570016 (NS_ERROR_XPC_GS_RETURNED_FAILURE) [nsIJSCID.getService]
JavaScript error: jar:file:///C:/Program%20Files/Mozilla%20Firefox/omni.ja!/components/nsUrlClassifierListManager.js, line 69: NS_ERROR_XPC_GS_RETURNED_FAILURE: Component returned failure code: 0x80570016 (NS_ERROR_XPC_GS_RETURNED_FAILURE) [nsIJSCID.getService]
[Child 6000, Chrome_ChildThread] WARNING: pipe error: 109: file z:/build/build/src/ipc/chromium/src/chrome/common/ipc_channel_win.cc, line 346
[Child 6000, Chrome_ChildThread] WARNING: pipe erro[Parent 6960, Gecko_IOThread] WARNING: pipe error: 109: file z:/build/build/src/ipc/chromium/src/chrome/common/ipc_channel_win.cc, line 346
[Child 3132, Chrome_ChildThread] WARNING: pipe error: 109: file z:/build/build/src/ipc/chromium/src/chrome/common/ipc_channel_win.cc, line 346
[Child 3132, Chrome_Chi[Parent 6960, Gecko_IOThread] WARNING: pipe error: 109: file z:/build/build/src/ipc/chromium/src/chrome/common/ipc_channel_win.cc, line 346
[Child 6100, Chrome_ChildThread] WARNING: pipe error: 109: file z:/build/build/src/ipc/chromium/src/chrome/common/ipc_channel_win.cc, line 346
[Child 6100, Chrome_ChildThread] 1525518521300	geckodriver	INFO	geckodriver 0.20.1
1525518521313	geckodriver	INFO	Listening on 127.0.0.1:60471
1525518524378	mozrunner::runner	INFO	Running command: "C:\\Program Files\\Mozilla Firefox\\firefox.exe" "-marionette" "-profile" "C:\\Users\\Antonio\\AppData\\Local\\Temp\\rust_mozprofile.Rsly6b6houMc"
Unable to read VR Path Registry from C:\Users\Antonio\AppData\Local\openvr\openvrpaths.vrpath
1525518525530	Marionette	INFO	Enabled via --marionette
Unable to read VR Path Registry from C:\Users\Antonio\AppData\Local\openvr\openvrpaths.vrpath
Unable to read VR Path Registry from C:\Users\Antonio\AppData\Local\openvr\openvrpaths.vrpath
Unable to read VR Path Registry from C:\Users\Antonio\AppData\Local\openvr\openvrpaths.vrpath
1525518526816	Marionette	INFO	Listening on port 60479
JavaScript error: jar:file:///C:/Program%20Files/Mozilla%20Firefox/omni.ja!/components/nsUrlClassifierListManager.js, line 69: NS_ERROR_XPC_GS_RETURNED_FAILURE: Component returned failure code: 0x80570016 (NS_ERROR_XPC_GS_RETURNED_FAILURE) [nsIJSCID.getService]
JavaScript error: jar:file:///C:/Program%20Files/Mozilla%20Firefox/omni.ja!/components/nsUrlClassifierListManager.js, line 69: NS_ERROR_XPC_GS_RETURNED_FAILURE: Component returned failure code: 0x80570016 (NS_ERROR_XPC_GS_RETURNED_FAILURE) [nsIJSCID.getService]
1525518527494	Marionette	WARN	TLS certificate errors will be ignored for this session
[Parent 5292, Gecko_IOThread] WARNING: pipe error: 109: file z:/build/build/src/ipc/chromium/src/chrome/common/ipc_channel_win.cc, line 346
[Child 7808, Chrome_ChildThread] WARNING: pipe error: 109: file z:/build/build/src/ipc/chromium/src/chrome/common/ipc_channel_win.cc, line 346
[Child 7808, Chrome_ChildThread] WARNING: pipe [Child 1600, Chrome_Chil*** UTM:SVC TimerManager:registerTimer called after profile-before-change notification. Ignoring timer registration for id: telemetry_modules_ping
1525523483253	geckodriver	INFO	geckodriver 0.20.1
1525523483267	geckodriver	INFO	Listening on 127.0.0.1:50003
1525523486342	mozrunner::runner	INFO	Running command: "C:\\Program Files\\Mozilla Firefox\\firefox.exe" "-marionette" "-profile" "C:\\Users\\Antonio\\AppData\\Local\\Temp\\rust_mozprofile.D1xQ39c2cVdh"
Unable to read VR Path Registry from C:\Users\Antonio\AppData\Local\openvr\openvrpaths.vrpath
1525523487284	Marionette	INFO	Enabled via --marionette
Unable to read VR Path Registry from C:\Users\Antonio\AppData\Local\openvr\openvrpaths.vrpath
Unable to read VR Path Registry from C:\Users\Antonio\AppData\Local\openvr\openvrpaths.vrpath
Unable to read VR Path Registry from C:\Users\Antonio\AppData\Local\openvr\openvrpaths.vrpath
Unable to read VR Path Registry from C:\Users\Antonio\AppData\Local\openvr\openvrpaths.vrpath
1525523488650	Marionette	INFO	Listening on port 50011
1525523489464	Marionette	WARN	TLS certificate errors will be ignored for this session
[Child 4760, Chrome_ChildThread] WARNING: pipe error: 109: file z:/build/build/src/ipc/chromium/src/chrome/common/ipc_channel_win.cc, line 346
[Child 4760, Chrome_Ch[Parent 5968, Gecko_IOThread] WARNING: pipe error: 109: file z:/build/build/src/ipc/chromium/src/chrome/common/ipc_channel_win.cc, line 346
[Child 1768, Chrome_ChildThread] WARNING: pipe error: 109: file z:/build/build/src/ipc/chromium/src/chrome/common/ipc_channel_win.cc, line 346
[Child 1768, Chrome_Chil[Parent 5968, Gecko_IOThread] WARNING: pipe error: 109: file z:/build/build/src/ipc/chromium/src/chrome/common/ipc_channel_win.cc, line 346
[Child 9864, Chrome_ChildThread] WARNING: pipe error: 109: file z:/build/build/src/ipc/chromium/src/chrome/common/ipc_channel_win.cc, line 346
[Child 9864, Chrome_[GPU 5252, Ch
###!!! [Child][MessageChannel::SendAndWait] Error: Channel error: cannot send/recv

1525524965018	geckodriver	INFO	geckodriver 0.20.1
1525524965030	geckodriver	INFO	Listening on 127.0.0.1:52092
1525524968100	mozrunner::runner	INFO	Running command: "C:\\Program Files\\Mozilla Firefox\\firefox.exe" "-marionette" "-profile" "C:\\Users\\Antonio\\AppData\\Local\\Temp\\rust_mozprofile.XeoXtrKikqXl"
Unable to read VR Path Registry from C:\Users\Antonio\AppData\Local\openvr\openvrpaths.vrpath
1525524968874	Marionette	INFO	Enabled via --marionette
Unable to read VR Path Registry from C:\Users\Antonio\AppData\Local\openvr\openvrpaths.vrpath
Unable to read VR Path Registry from C:\Users\Antonio\AppData\Local\openvr\openvrpaths.vrpath
Unable to read VR Path Registry from C:\Users\Antonio\AppData\Local\openvr\openvrpaths.vrpath
Unable to read VR Path Registry from C:\Users\Antonio\AppData\Local\openvr\openvrpaths.vrpath
1525524970214	Marionette	INFO	Listening on port 52100
1525524971214	Marionette	WARN	TLS certificate errors will be ignored for this session
[Parent 8164, Gecko_IOThread] WARNING: pipe error: 109: file z:/build/build/src/ipc/chromium/src/chrome/common/ipc_channel_win.cc, line 346
[Parent 8164, Gecko_IOThread] WARNING: pipe error: 109: file z:/build/build/src/ipc/chromium/src/chrome/common/ipc_channel_win.cc, line 346
[Ch[Child 9972, Chrome_ChildThread] WARNING: pipe error: 109: file z:/build/build/src/ipc/chromium/src/chrome/common/ipc_channel_win.cc, line 346
[Child 9972, Chrome*** UTM:SVC TimerManager:registerTimer called after profile-before-change notification. Ignoring timer registration for id: telemetry_modules_ping
[GPU 7492, Chrome_C
###!!! [Child][MessageChannel::SendAndWait] Error: Channel error: cannot send/recv

